mode: set
mia_template_service_name_placeholder/main.go:32.13,35.2 2 0
mia_template_service_name_placeholder/main.go:37.42,40.16 3 1
mia_template_service_name_placeholder/main.go:40.16,41.21 1 0
mia_template_service_name_placeholder/main.go:45.2,46.16 2 1
mia_template_service_name_placeholder/main.go:46.16,47.21 1 0
mia_template_service_name_placeholder/main.go:50.2,51.16 2 1
mia_template_service_name_placeholder/main.go:51.16,52.21 1 0
mia_template_service_name_placeholder/main.go:55.2,55.72 1 1
mia_template_service_name_placeholder/main.go:55.72,57.70 2 1
mia_template_service_name_placeholder/main.go:57.70,59.4 1 1
mia_template_service_name_placeholder/main.go:62.2,66.39 5 1
mia_template_service_name_placeholder/main.go:66.39,67.21 1 0
mia_template_service_name_placeholder/router.go:34.84,38.57 4 1
mia_template_service_name_placeholder/router.go:38.57,41.3 2 1
mia_template_service_name_placeholder/router.go:43.2,56.16 2 1
mia_template_service_name_placeholder/router.go:56.16,58.3 1 0
mia_template_service_name_placeholder/router.go:60.2,60.60 1 1
mia_template_service_name_placeholder/router.go:60.60,62.3 1 0
mia_template_service_name_placeholder/router.go:64.2,64.17 1 1
mia_template_service_name_placeholder/statusroutes.go:31.71,32.49 1 1
mia_template_service_name_placeholder/statusroutes.go:32.49,39.3 2 1
mia_template_service_name_placeholder/statusroutes.go:41.2,41.47 1 1
mia_template_service_name_placeholder/statusroutes.go:41.47,48.3 2 1
mia_template_service_name_placeholder/statusroutes.go:50.2,50.50 1 1
mia_template_service_name_placeholder/statusroutes.go:50.50,57.3 2 1
